[2017-12-14 07:14:44] local.ERROR: ErrorException: Undefined offset: 1 in C:\OSPanel\domains\t-oborud-ru\storage\framework\views\18725be8f57db6a4b724c7547d63dae52d8b0130.php:26
Stack trace:
#0 C:\OSPanel\domains\t-oborud-ru\storage\framework\views\18725be8f57db6a4b724c7547d63dae52d8b0130.php(26): Illuminate\Foundation\Bootstrap\HandleExceptions->handleError(8, 'Undefined offse...', 'C:\\OSPanel\\doma...', 26, Array)
#1 C:\OSPanel\domains\t-oborud-ru\bootstrap\cache\compiled.php(15327): include('C:\\OSPanel\\doma...')
#2 C:\OSPanel\domains\t-oborud-ru\bootstrap\cache\compiled.php(15364): Illuminate\View\Engines\PhpEngine->evaluatePath('C:\\OSPanel\\doma...', Array)
#3 C:\OSPanel\domains\t-oborud-ru\bootstrap\cache\compiled.php(15196): Illuminate\View\Engines\CompilerEngine->get('C:\\OSPanel\\doma...', Array)
#4 C:\OSPanel\domains\t-oborud-ru\bootstrap\cache\compiled.php(15184): Illuminate\View\View->getContents()
#5 C:\OSPanel\domains\t-oborud-ru\bootstrap\cache\compiled.php(15168): Illuminate\View\View->renderContents()
#6 C:\OSPanel\domains\t-oborud-ru\storage\framework\views\e329b42b89ed037c2c98b84ef99114d14b509612.php(19): Illuminate\View\View->render()
#7 C:\OSPanel\domains\t-oborud-ru\bootstrap\cache\compiled.php(15327): include('C:\\OSPanel\\doma...')
#8 C:\OSPanel\domains\t-oborud-ru\bootstrap\cache\compiled.php(15364): Illuminate\View\Engines\PhpEngine->evaluatePath('C:\\OSPanel\\doma...', Array)
#9 C:\OSPanel\domains\t-oborud-ru\bootstrap\cache\compiled.php(15196): Illuminate\View\Engines\CompilerEngine->get('C:\\OSPanel\\doma...', Array)
#10 C:\OSPanel\domains\t-oborud-ru\bootstrap\cache\compiled.php(15184): Illuminate\View\View->getContents()
#11 C:\OSPanel\domains\t-oborud-ru\bootstrap\cache\compiled.php(15168): Illuminate\View\View->renderContents()
#12 C:\OSPanel\domains\t-oborud-ru\storage\framework\views\118e090f6eb83297ff0d8fdebc2b2be5cfa74c6c.php(11): Illuminate\View\View->render()
#13 C:\OSPanel\domains\t-oborud-ru\bootstrap\cache\compiled.php(15327): include('C:\\OSPanel\\doma...')
#14 C:\OSPanel\domains\t-oborud-ru\bootstrap\cache\compiled.php(15364): Illuminate\View\Engines\PhpEngine->evaluatePath('C:\\OSPanel\\doma...', Array)
#15 C:\OSPanel\domains\t-oborud-ru\bootstrap\cache\compiled.php(15196): Illuminate\View\Engines\CompilerEngine->get('C:\\OSPanel\\doma...', Array)
#16 C:\OSPanel\domains\t-oborud-ru\bootstrap\cache\compiled.php(15184): Illuminate\View\View->getContents()
#17 C:\OSPanel\domains\t-oborud-ru\bootstrap\cache\compiled.php(15168): Illuminate\View\View->renderContents()
#18 C:\OSPanel\domains\t-oborud-ru\bootstrap\cache\compiled.php(16415): Illuminate\View\View->render()
#19 C:\OSPanel\domains\t-oborud-ru\bootstrap\cache\compiled.php(15911): Illuminate\Http\Response->setContent(Object(Illuminate\View\View))
#20 C:\OSPanel\domains\t-oborud-ru\vendor\laravel\framework\src\Illuminate\Routing\ResponseFactory.php(57): Symfony\Component\HttpFoundation\Response->__construct(Object(Illuminate\View\View), 404, Array)
#21 C:\OSPanel\domains\t-oborud-ru\vendor\laravel\framework\src\Illuminate\Routing\ResponseFactory.php(71): Illuminate\Routing\ResponseFactory->make(Object(Illuminate\View\View), 404, Array)
#22 C:\OSPanel\domains\t-oborud-ru\vendor\laravel\framework\src\Illuminate\Foundation\Exceptions\Handler.php(156): Illuminate\Routing\ResponseFactory->view('errors.404', Array, 404, Array)
#23 C:\OSPanel\domains\t-oborud-ru\vendor\laravel\framework\src\Illuminate\Foundation\Exceptions\Handler.php(113): Illuminate\Foundation\Exceptions\Handler->renderHttpException(Object(Symfony\Component\HttpKernel\Exception\NotFoundHttpException))
#24 C:\OSPanel\domains\t-oborud-ru\app\Exceptions\Handler.php(65): Illuminate\Foundation\Exceptions\Handler->render(Object(Illuminate\Http\Request), Object(Symfony\Component\HttpKernel\Exception\NotFoundHttpException))
#25 C:\OSPanel\domains\t-oborud-ru\vendor\laravel\framework\src\Illuminate\Routing\Pipeline.php(80): App\Exceptions\Handler->render(Object(Illuminate\Http\Request), Object(Symfony\Component\HttpKernel\Exception\NotFoundHttpException))
#26 C:\OSPanel\domains\t-oborud-ru\vendor\laravel\framework\src\Illuminate\Routing\Pipeline.php(54): Illuminate\Routing\Pipeline->handleException(Object(Illuminate\Http\Request), Object(Symfony\Component\HttpKernel\Exception\NotFoundHttpException))
#27 C:\OSPanel\domains\t-oborud-ru\vendor\barryvdh\laravel-debugbar\src\Middleware\Debugbar.php(51): Illuminate\Routing\Pipeline->Illuminate\Routing\{closure}(Object(Illuminate\Http\Request))
#28 [internal function]: Barryvdh\Debugbar\Middleware\Debugbar->handle(Object(Illuminate\Http\Request), Object(Closure))
#29 C:\OSPanel\domains\t-oborud-ru\bootstrap\cache\compiled.php(9963): call_user_func_array(Array, Array)
#30 [internal function]: Illuminate\Pipeline\Pipeline->Illuminate\Pipeline\{closure}(Object(Illuminate\Http\Request))
#31 C:\OSPanel\domains\t-oborud-ru\vendor\laravel\framework\src\Illuminate\Routing\Pipeline.php(32): call_user_func(Object(Closure), Object(Illuminate\Http\Request))
#32 C:\OSPanel\domains\t-oborud-ru\bootstrap\cache\compiled.php(3286): Illuminate\Routing\Pipeline->Illuminate\Routing\{closure}(Object(Illuminate\Http\Request))
#33 [internal function]: Illuminate\Foundation\Http\Middleware\CheckForMaintenanceMode->handle(Object(Illuminate\Http\Request), Object(Closure))
#34 C:\OSPanel\domains\t-oborud-ru\bootstrap\cache\compiled.php(9963): call_user_func_array(Array, Array)
#35 [internal function]: Illuminate\Pipeline\Pipeline->Illuminate\Pipeline\{closure}(Object(Illuminate\Http\Request))
#36 C:\OSPanel\domains\t-oborud-ru\vendor\laravel\framework\src\Illuminate\Routing\Pipeline.php(32): call_user_func(Object(Closure), Object(Illuminate\Http\Request))
#37 C:\OSPanel\domains\t-oborud-ru\app\Http\Middleware\Settings.php(28): Illuminate\Routing\Pipeline->Illuminate\Routing\{closure}(Object(Illuminate\Http\Request))
#38 [internal function]: App\Http\Middleware\Settings->handle(Object(Illuminate\Http\Request), Object(Closure))
#39 C:\OSPanel\domains\t-oborud-ru\bootstrap\cache\compiled.php(9963): call_user_func_array(Array, Array)
#40 [internal function]: Illuminate\Pipeline\Pipeline->Illuminate\Pipeline\{closure}(Object(Illuminate\Http\Request))
#41 C:\OSPanel\domains\t-oborud-ru\vendor\laravel\framework\src\Illuminate\Routing\Pipeline.php(32): call_user_func(Object(Closure), Object(Illuminate\Http\Request))
#42 [internal function]: Illuminate\Routing\Pipeline->Illuminate\Routing\{closure}(Object(Illuminate\Http\Request))
#43 C:\OSPanel\domains\t-oborud-ru\bootstrap\cache\compiled.php(9948): call_user_func(Object(Closure), Object(Illuminate\Http\Request))
#44 C:\OSPanel\domains\t-oborud-ru\bootstrap\cache\compiled.php(2366): Illuminate\Pipeline\Pipeline->then(Object(Closure))
#45 C:\OSPanel\domains\t-oborud-ru\bootstrap\cache\compiled.php(2350): Illuminate\Foundation\Http\Kernel->sendRequestThroughRouter(Object(Illuminate\Http\Request))
#46 C:\OSPanel\domains\t-oborud-ru\public\index.php(53): Illuminate\Foundation\Http\Kernel->handle(Object(Illuminate\Http\Request))
#47 {main}

Next ErrorException: Undefined offset: 1 (View: C:\OSPanel\domains\t-oborud-ru\resources\views\blocks\header\index.blade.php) in C:\OSPanel\domains\t-oborud-ru\storage\framework\views\18725be8f57db6a4b724c7547d63dae52d8b0130.php:26
Stack trace:
#0 C:\OSPanel\domains\t-oborud-ru\bootstrap\cache\compiled.php(15329): Illuminate\View\Engines\CompilerEngine->handleViewException(Object(ErrorException), 2)
#1 C:\OSPanel\domains\t-oborud-ru\bootstrap\cache\compiled.php(15364): Illuminate\View\Engines\PhpEngine->evaluatePath('C:\\OSPanel\\doma...', Array)
#2 C:\OSPanel\domains\t-oborud-ru\bootstrap\cache\compiled.php(15196): Illuminate\View\Engines\CompilerEngine->get('C:\\OSPanel\\doma...', Array)
#3 C:\OSPanel\domains\t-oborud-ru\bootstrap\cache\compiled.php(15184): Illuminate\View\View->getContents()
#4 C:\OSPanel\domains\t-oborud-ru\bootstrap\cache\compiled.php(15168): Illuminate\View\View->renderContents()
#5 C:\OSPanel\domains\t-oborud-ru\storage\framework\views\e329b42b89ed037c2c98b84ef99114d14b509612.php(19): Illuminate\View\View->render()
#6 C:\OSPanel\domains\t-oborud-ru\bootstrap\cache\compiled.php(15327): include('C:\\OSPanel\\doma...')
#7 C:\OSPanel\domains\t-oborud-ru\bootstrap\cache\compiled.php(15364): Illuminate\View\Engines\PhpEngine->evaluatePath('C:\\OSPanel\\doma...', Array)
#8 C:\OSPanel\domains\t-oborud-ru\bootstrap\cache\compiled.php(15196): Illuminate\View\Engines\CompilerEngine->get('C:\\OSPanel\\doma...', Array)
#9 C:\OSPanel\domains\t-oborud-ru\bootstrap\cache\compiled.php(15184): Illuminate\View\View->getContents()
#10 C:\OSPanel\domains\t-oborud-ru\bootstrap\cache\compiled.php(15168): Illuminate\View\View->renderContents()
#11 C:\OSPanel\domains\t-oborud-ru\storage\framework\views\118e090f6eb83297ff0d8fdebc2b2be5cfa74c6c.php(11): Illuminate\View\View->render()
#12 C:\OSPanel\domains\t-oborud-ru\bootstrap\cache\compiled.php(15327): include('C:\\OSPanel\\doma...')
#13 C:\OSPanel\domains\t-oborud-ru\bootstrap\cache\compiled.php(15364): Illuminate\View\Engines\PhpEngine->evaluatePath('C:\\OSPanel\\doma...', Array)
#14 C:\OSPanel\domains\t-oborud-ru\bootstrap\cache\compiled.php(15196): Illuminate\View\Engines\CompilerEngine->get('C:\\OSPanel\\doma...', Array)
#15 C:\OSPanel\domains\t-oborud-ru\bootstrap\cache\compiled.php(15184): Illuminate\View\View->getContents()
#16 C:\OSPanel\domains\t-oborud-ru\bootstrap\cache\compiled.php(15168): Illuminate\View\View->renderContents()
#17 C:\OSPanel\domains\t-oborud-ru\bootstrap\cache\compiled.php(16415): Illuminate\View\View->render()
#18 C:\OSPanel\domains\t-oborud-ru\bootstrap\cache\compiled.php(15911): Illuminate\Http\Response->setContent(Object(Illuminate\View\View))
#19 C:\OSPanel\domains\t-oborud-ru\vendor\laravel\framework\src\Illuminate\Routing\ResponseFactory.php(57): Symfony\Component\HttpFoundation\Response->__construct(Object(Illuminate\View\View), 404, Array)
#20 C:\OSPanel\domains\t-oborud-ru\vendor\laravel\framework\src\Illuminate\Routing\ResponseFactory.php(71): Illuminate\Routing\ResponseFactory->make(Object(Illuminate\View\View), 404, Array)
#21 C:\OSPanel\domains\t-oborud-ru\vendor\laravel\framework\src\Illuminate\Foundation\Exceptions\Handler.php(156): Illuminate\Routing\ResponseFactory->view('errors.404', Array, 404, Array)
#22 C:\OSPanel\domains\t-oborud-ru\vendor\laravel\framework\src\Illuminate\Foundation\Exceptions\Handler.php(113): Illuminate\Foundation\Exceptions\Handler->renderHttpException(Object(Symfony\Component\HttpKernel\Exception\NotFoundHttpException))
#23 C:\OSPanel\domains\t-oborud-ru\app\Exceptions\Handler.php(65): Illuminate\Foundation\Exceptions\Handler->render(Object(Illuminate\Http\Request), Object(Symfony\Component\HttpKernel\Exception\NotFoundHttpException))
#24 C:\OSPanel\domains\t-oborud-ru\vendor\laravel\framework\src\Illuminate\Routing\Pipeline.php(80): App\Exceptions\Handler->render(Object(Illuminate\Http\Request), Object(Symfony\Component\HttpKernel\Exception\NotFoundHttpException))
#25 C:\OSPanel\domains\t-oborud-ru\vendor\laravel\framework\src\Illuminate\Routing\Pipeline.php(54): Illuminate\Routing\Pipeline->handleException(Object(Illuminate\Http\Request), Object(Symfony\Component\HttpKernel\Exception\NotFoundHttpException))
#26 C:\OSPanel\domains\t-oborud-ru\vendor\barryvdh\laravel-debugbar\src\Middleware\Debugbar.php(51): Illuminate\Routing\Pipeline->Illuminate\Routing\{closure}(Object(Illuminate\Http\Request))
#27 [internal function]: Barryvdh\Debugbar\Middleware\Debugbar->handle(Object(Illuminate\Http\Request), Object(Closure))
#28 C:\OSPanel\domains\t-oborud-ru\bootstrap\cache\compiled.php(9963): call_user_func_array(Array, Array)
#29 [internal function]: Illuminate\Pipeline\Pipeline->Illuminate\Pipeline\{closure}(Object(Illuminate\Http\Request))
#30 C:\OSPanel\domains\t-oborud-ru\vendor\laravel\framework\src\Illuminate\Routing\Pipeline.php(32): call_user_func(Object(Closure), Object(Illuminate\Http\Request))
#31 C:\OSPanel\domains\t-oborud-ru\bootstrap\cache\compiled.php(3286): Illuminate\Routing\Pipeline->Illuminate\Routing\{closure}(Object(Illuminate\Http\Request))
#32 [internal function]: Illuminate\Foundation\Http\Middleware\CheckForMaintenanceMode->handle(Object(Illuminate\Http\Request), Object(Closure))
#33 C:\OSPanel\domains\t-oborud-ru\bootstrap\cache\compiled.php(9963): call_user_func_array(Array, Array)
#34 [internal function]: Illuminate\Pipeline\Pipeline->Illuminate\Pipeline\{closure}(Object(Illuminate\Http\Request))
#35 C:\OSPanel\domains\t-oborud-ru\vendor\laravel\framework\src\Illuminate\Routing\Pipeline.php(32): call_user_func(Object(Closure), Object(Illuminate\Http\Request))
#36 C:\OSPanel\domains\t-oborud-ru\app\Http\Middleware\Settings.php(28): Illuminate\Routing\Pipeline->Illuminate\Routing\{closure}(Object(Illuminate\Http\Request))
#37 [internal function]: App\Http\Middleware\Settings->handle(Object(Illuminate\Http\Request), Object(Closure))
#38 C:\OSPanel\domains\t-oborud-ru\bootstrap\cache\compiled.php(9963): call_user_func_array(Array, Array)
#39 [internal function]: Illuminate\Pipeline\Pipeline->Illuminate\Pipeline\{closure}(Object(Illuminate\Http\Request))
#40 C:\OSPanel\domains\t-oborud-ru\vendor\laravel\framework\src\Illuminate\Routing\Pipeline.php(32): call_user_func(Object(Closure), Object(Illuminate\Http\Request))
#41 [internal function]: Illuminate\Routing\Pipeline->Illuminate\Routing\{closure}(Object(Illuminate\Http\Request))
#42 C:\OSPanel\domains\t-oborud-ru\bootstrap\cache\compiled.php(9948): call_user_func(Object(Closure), Object(Illuminate\Http\Request))
#43 C:\OSPanel\domains\t-oborud-ru\bootstrap\cache\compiled.php(2366): Illuminate\Pipeline\Pipeline->then(Object(Closure))
#44 C:\OSPanel\domains\t-oborud-ru\bootstrap\cache\compiled.php(2350): Illuminate\Foundation\Http\Kernel->sendRequestThroughRouter(Object(Illuminate\Http\Request))
#45 C:\OSPanel\domains\t-oborud-ru\public\index.php(53): Illuminate\Foundation\Http\Kernel->handle(Object(Illuminate\Http\Request))
#46 {main}

Next ErrorException: Undefined offset: 1 (View: C:\OSPanel\domains\t-oborud-ru\resources\views\blocks\header\index.blade.php) (View: C:\OSPanel\domains\t-oborud-ru\resources\views\blocks\header\index.blade.php) in C:\OSPanel\domains\t-oborud-ru\storage\framework\views\18725be8f57db6a4b724c7547d63dae52d8b0130.php:26
Stack trace:
#0 C:\OSPanel\domains\t-oborud-ru\bootstrap\cache\compiled.php(15329): Illuminate\View\Engines\CompilerEngine->handleViewException(Object(ErrorException), 1)
#1 C:\OSPanel\domains\t-oborud-ru\bootstrap\cache\compiled.php(15364): Illuminate\View\Engines\PhpEngine->evaluatePath('C:\\OSPanel\\doma...', Array)
#2 C:\OSPanel\domains\t-oborud-ru\bootstrap\cache\compiled.php(15196): Illuminate\View\Engines\CompilerEngine->get('C:\\OSPanel\\doma...', Array)
#3 C:\OSPanel\domains\t-oborud-ru\bootstrap\cache\compiled.php(15184): Illuminate\View\View->getContents()
#4 C:\OSPanel\domains\t-oborud-ru\bootstrap\cache\compiled.php(15168): Illuminate\View\View->renderContents()
#5 C:\OSPanel\domains\t-oborud-ru\storage\framework\views\118e090f6eb83297ff0d8fdebc2b2be5cfa74c6c.php(11): Illuminate\View\View->render()
#6 C:\OSPanel\domains\t-oborud-ru\bootstrap\cache\compiled.php(15327): include('C:\\OSPanel\\doma...')
#7 C:\OSPanel\domains\t-oborud-ru\bootstrap\cache\compiled.php(15364): Illuminate\View\Engines\PhpEngine->evaluatePath('C:\\OSPanel\\doma...', Array)
#8 C:\OSPanel\domains\t-oborud-ru\bootstrap\cache\compiled.php(15196): Illuminate\View\Engines\CompilerEngine->get('C:\\OSPanel\\doma...', Array)
#9 C:\OSPanel\domains\t-oborud-ru\bootstrap\cache\compiled.php(15184): Illuminate\View\View->getContents()
#10 C:\OSPanel\domains\t-oborud-ru\bootstrap\cache\compiled.php(15168): Illuminate\View\View->renderContents()
#11 C:\OSPanel\domains\t-oborud-ru\bootstrap\cache\compiled.php(16415): Illuminate\View\View->render()
#12 C:\OSPanel\domains\t-oborud-ru\bootstrap\cache\compiled.php(15911): Illuminate\Http\Response->setContent(Object(Illuminate\View\View))
#13 C:\OSPanel\domains\t-oborud-ru\vendor\laravel\framework\src\Illuminate\Routing\ResponseFactory.php(57): Symfony\Component\HttpFoundation\Response->__construct(Object(Illuminate\View\View), 404, Array)
#14 C:\OSPanel\domains\t-oborud-ru\vendor\laravel\framework\src\Illuminate\Routing\ResponseFactory.php(71): Illuminate\Routing\ResponseFactory->make(Object(Illuminate\View\View), 404, Array)
#15 C:\OSPanel\domains\t-oborud-ru\vendor\laravel\framework\src\Illuminate\Foundation\Exceptions\Handler.php(156): Illuminate\Routing\ResponseFactory->view('errors.404', Array, 404, Array)
#16 C:\OSPanel\domains\t-oborud-ru\vendor\laravel\framework\src\Illuminate\Foundation\Exceptions\Handler.php(113): Illuminate\Foundation\Exceptions\Handler->renderHttpException(Object(Symfony\Component\HttpKernel\Exception\NotFoundHttpException))
#17 C:\OSPanel\domains\t-oborud-ru\app\Exceptions\Handler.php(65): Illuminate\Foundation\Exceptions\Handler->render(Object(Illuminate\Http\Request), Object(Symfony\Component\HttpKernel\Exception\NotFoundHttpException))
#18 C:\OSPanel\domains\t-oborud-ru\vendor\laravel\framework\src\Illuminate\Routing\Pipeline.php(80): App\Exceptions\Handler->render(Object(Illuminate\Http\Request), Object(Symfony\Component\HttpKernel\Exception\NotFoundHttpException))
#19 C:\OSPanel\domains\t-oborud-ru\vendor\laravel\framework\src\Illuminate\Routing\Pipeline.php(54): Illuminate\Routing\Pipeline->handleException(Object(Illuminate\Http\Request), Object(Symfony\Component\HttpKernel\Exception\NotFoundHttpException))
#20 C:\OSPanel\domains\t-oborud-ru\vendor\barryvdh\laravel-debugbar\src\Middleware\Debugbar.php(51): Illuminate\Routing\Pipeline->Illuminate\Routing\{closure}(Object(Illuminate\Http\Request))
#21 [internal function]: Barryvdh\Debugbar\Middleware\Debugbar->handle(Object(Illuminate\Http\Request), Object(Closure))
#22 C:\OSPanel\domains\t-oborud-ru\bootstrap\cache\compiled.php(9963): call_user_func_array(Array, Array)
#23 [internal function]: Illuminate\Pipeline\Pipeline->Illuminate\Pipeline\{closure}(Object(Illuminate\Http\Request))
#24 C:\OSPanel\domains\t-oborud-ru\vendor\laravel\framework\src\Illuminate\Routing\Pipeline.php(32): call_user_func(Object(Closure), Object(Illuminate\Http\Request))
#25 C:\OSPanel\domains\t-oborud-ru\bootstrap\cache\compiled.php(3286): Illuminate\Routing\Pipeline->Illuminate\Routing\{closure}(Object(Illuminate\Http\Request))
#26 [internal function]: Illuminate\Foundation\Http\Middleware\CheckForMaintenanceMode->handle(Object(Illuminate\Http\Request), Object(Closure))
#27 C:\OSPanel\domains\t-oborud-ru\bootstrap\cache\compiled.php(9963): call_user_func_array(Array, Array)
#28 [internal function]: Illuminate\Pipeline\Pipeline->Illuminate\Pipeline\{closure}(Object(Illuminate\Http\Request))
#29 C:\OSPanel\domains\t-oborud-ru\vendor\laravel\framework\src\Illuminate\Routing\Pipeline.php(32): call_user_func(Object(Closure), Object(Illuminate\Http\Request))
#30 C:\OSPanel\domains\t-oborud-ru\app\Http\Middleware\Settings.php(28): Illuminate\Routing\Pipeline->Illuminate\Routing\{closure}(Object(Illuminate\Http\Request))
#31 [internal function]: App\Http\Middleware\Settings->handle(Object(Illuminate\Http\Request), Object(Closure))
#32 C:\OSPanel\domains\t-oborud-ru\bootstrap\cache\compiled.php(9963): call_user_func_array(Array, Array)
#33 [internal function]: Illuminate\Pipeline\Pipeline->Illuminate\Pipeline\{closure}(Object(Illuminate\Http\Request))
#34 C:\OSPanel\domains\t-oborud-ru\vendor\laravel\framework\src\Illuminate\Routing\Pipeline.php(32): call_user_func(Object(Closure), Object(Illuminate\Http\Request))
#35 [internal function]: Illuminate\Routing\Pipeline->Illuminate\Routing\{closure}(Object(Illuminate\Http\Request))
#36 C:\OSPanel\domains\t-oborud-ru\bootstrap\cache\compiled.php(9948): call_user_func(Object(Closure), Object(Illuminate\Http\Request))
#37 C:\OSPanel\domains\t-oborud-ru\bootstrap\cache\compiled.php(2366): Illuminate\Pipeline\Pipeline->then(Object(Closure))
#38 C:\OSPanel\domains\t-oborud-ru\bootstrap\cache\compiled.php(2350): Illuminate\Foundation\Http\Kernel->sendRequestThroughRouter(Object(Illuminate\Http\Request))
#39 C:\OSPanel\domains\t-oborud-ru\public\index.php(53): Illuminate\Foundation\Http\Kernel->handle(Object(Illuminate\Http\Request))
#40 {main}

Next ErrorException: Undefined offset: 1 (View: C:\OSPanel\domains\t-oborud-ru\resources\views\blocks\header\index.blade.php) (View: C:\OSPanel\domains\t-oborud-ru\resources\views\blocks\header\index.blade.php) (View: C:\OSPanel\domains\t-oborud-ru\resources\views\blocks\header\index.blade.php) in C:\OSPanel\domains\t-oborud-ru\storage\framework\views\18725be8f57db6a4b724c7547d63dae52d8b0130.php:26
Stack trace:
#0 C:\OSPanel\domains\t-oborud-ru\bootstrap\cache\compiled.php(15329): Illuminate\View\Engines\CompilerEngine->handleViewException(Object(ErrorException), 0)
#1 C:\OSPanel\domains\t-oborud-ru\bootstrap\cache\compiled.php(15364): Illuminate\View\Engines\PhpEngine->evaluatePath('C:\\OSPanel\\doma...', Array)
#2 C:\OSPanel\domains\t-oborud-ru\bootstrap\cache\compiled.php(15196): Illuminate\View\Engines\CompilerEngine->get('C:\\OSPanel\\doma...', Array)
#3 C:\OSPanel\domains\t-oborud-ru\bootstrap\cache\compiled.php(15184): Illuminate\View\View->getContents()
#4 C:\OSPanel\domains\t-oborud-ru\bootstrap\cache\compiled.php(15168): Illuminate\View\View->renderContents()
#5 C:\OSPanel\domains\t-oborud-ru\bootstrap\cache\compiled.php(16415): Illuminate\View\View->render()
#6 C:\OSPanel\domains\t-oborud-ru\bootstrap\cache\compiled.php(15911): Illuminate\Http\Response->setContent(Object(Illuminate\View\View))
#7 C:\OSPanel\domains\t-oborud-ru\vendor\laravel\framework\src\Illuminate\Routing\ResponseFactory.php(57): Symfony\Component\HttpFoundation\Response->__construct(Object(Illuminate\View\View), 404, Array)
#8 C:\OSPanel\domains\t-oborud-ru\vendor\laravel\framework\src\Illuminate\Routing\ResponseFactory.php(71): Illuminate\Routing\ResponseFactory->make(Object(Illuminate\View\View), 404, Array)
#9 C:\OSPanel\domains\t-oborud-ru\vendor\laravel\framework\src\Illuminate\Foundation\Exceptions\Handler.php(156): Illuminate\Routing\ResponseFactory->view('errors.404', Array, 404, Array)
#10 C:\OSPanel\domains\t-oborud-ru\vendor\laravel\framework\src\Illuminate\Foundation\Exceptions\Handler.php(113): Illuminate\Foundation\Exceptions\Handler->renderHttpException(Object(Symfony\Component\HttpKernel\Exception\NotFoundHttpException))
#11 C:\OSPanel\domains\t-oborud-ru\app\Exceptions\Handler.php(65): Illuminate\Foundation\Exceptions\Handler->render(Object(Illuminate\Http\Request), Object(Symfony\Component\HttpKernel\Exception\NotFoundHttpException))
#12 C:\OSPanel\domains\t-oborud-ru\vendor\laravel\framework\src\Illuminate\Routing\Pipeline.php(80): App\Exceptions\Handler->render(Object(Illuminate\Http\Request), Object(Symfony\Component\HttpKernel\Exception\NotFoundHttpException))
#13 C:\OSPanel\domains\t-oborud-ru\vendor\laravel\framework\src\Illuminate\Routing\Pipeline.php(54): Illuminate\Routing\Pipeline->handleException(Object(Illuminate\Http\Request), Object(Symfony\Component\HttpKernel\Exception\NotFoundHttpException))
#14 C:\OSPanel\domains\t-oborud-ru\vendor\barryvdh\laravel-debugbar\src\Middleware\Debugbar.php(51): Illuminate\Routing\Pipeline->Illuminate\Routing\{closure}(Object(Illuminate\Http\Request))
#15 [internal function]: Barryvdh\Debugbar\Middleware\Debugbar->handle(Object(Illuminate\Http\Request), Object(Closure))
#16 C:\OSPanel\domains\t-oborud-ru\bootstrap\cache\compiled.php(9963): call_user_func_array(Array, Array)
#17 [internal function]: Illuminate\Pipeline\Pipeline->Illuminate\Pipeline\{closure}(Object(Illuminate\Http\Request))
#18 C:\OSPanel\domains\t-oborud-ru\vendor\laravel\framework\src\Illuminate\Routing\Pipeline.php(32): call_user_func(Object(Closure), Object(Illuminate\Http\Request))
#19 C:\OSPanel\domains\t-oborud-ru\bootstrap\cache\compiled.php(3286): Illuminate\Routing\Pipeline->Illuminate\Routing\{closure}(Object(Illuminate\Http\Request))
#20 [internal function]: Illuminate\Foundation\Http\Middleware\CheckForMaintenanceMode->handle(Object(Illuminate\Http\Request), Object(Closure))
#21 C:\OSPanel\domains\t-oborud-ru\bootstrap\cache\compiled.php(9963): call_user_func_array(Array, Array)
#22 [internal function]: Illuminate\Pipeline\Pipeline->Illuminate\Pipeline\{closure}(Object(Illuminate\Http\Request))
#23 C:\OSPanel\domains\t-oborud-ru\vendor\laravel\framework\src\Illuminate\Routing\Pipeline.php(32): call_user_func(Object(Closure), Object(Illuminate\Http\Request))
#24 C:\OSPanel\domains\t-oborud-ru\app\Http\Middleware\Settings.php(28): Illuminate\Routing\Pipeline->Illuminate\Routing\{closure}(Object(Illuminate\Http\Request))
#25 [internal function]: App\Http\Middleware\Settings->handle(Object(Illuminate\Http\Request), Object(Closure))
#26 C:\OSPanel\domains\t-oborud-ru\bootstrap\cache\compiled.php(9963): call_user_func_array(Array, Array)
#27 [internal function]: Illuminate\Pipeline\Pipeline->Illuminate\Pipeline\{closure}(Object(Illuminate\Http\Request))
#28 C:\OSPanel\domains\t-oborud-ru\vendor\laravel\framework\src\Illuminate\Routing\Pipeline.php(32): call_user_func(Object(Closure), Object(Illuminate\Http\Request))
#29 [internal function]: Illuminate\Routing\Pipeline->Illuminate\Routing\{closure}(Object(Illuminate\Http\Request))
#30 C:\OSPanel\domains\t-oborud-ru\bootstrap\cache\compiled.php(9948): call_user_func(Object(Closure), Object(Illuminate\Http\Request))
#31 C:\OSPanel\domains\t-oborud-ru\bootstrap\cache\compiled.php(2366): Illuminate\Pipeline\Pipeline->then(Object(Closure))
#32 C:\OSPanel\domains\t-oborud-ru\bootstrap\cache\compiled.php(2350): Illuminate\Foundation\Http\Kernel->sendRequestThroughRouter(Object(Illuminate\Http\Request))
#33 C:\OSPanel\domains\t-oborud-ru\public\index.php(53): Illuminate\Foundation\Http\Kernel->handle(Object(Illuminate\Http\Request))
#34 {main}  
