[2017-12-07 08:50:20] local.ERROR: PDOException: SQLSTATE[HY000] [1049] Unknown database 'punchoi3_paradis' in C:\OpenServer\domains\t-oborud-ru\vendor\laravel\framework\src\Illuminate\Database\Connectors\Connector.php:55
Stack trace:
#0 C:\OpenServer\domains\t-oborud-ru\vendor\laravel\framework\src\Illuminate\Database\Connectors\Connector.php(55): PDO->__construct('mysql:host=loca...', 'root', '', Array)
#1 C:\OpenServer\domains\t-oborud-ru\vendor\laravel\framework\src\Illuminate\Database\Connectors\MySqlConnector.php(24): Illuminate\Database\Connectors\Connector->createConnection('mysql:host=loca...', Array, Array)
#2 C:\OpenServer\domains\t-oborud-ru\bootstrap\cache\compiled.php(11845): Illuminate\Database\Connectors\MySqlConnector->connect(Array)
#3 [internal function]: Illuminate\Database\Connectors\ConnectionFactory->Illuminate\Database\Connectors\{closure}()
#4 C:\OpenServer\domains\t-oborud-ru\vendor\laravel\framework\src\Illuminate\Database\Connection.php(924): call_user_func(Object(Closure))
#5 C:\OpenServer\domains\t-oborud-ru\vendor\laravel\framework\src\Illuminate\Database\Connection.php(792): Illuminate\Database\Connection->getPdo()
#6 C:\OpenServer\domains\t-oborud-ru\vendor\laravel\framework\src\Illuminate\Database\Connection.php(677): Illuminate\Database\Connection->reconnectIfMissingConnection()
#7 C:\OpenServer\domains\t-oborud-ru\vendor\laravel\framework\src\Illuminate\Database\Connection.php(349): Illuminate\Database\Connection->run('select * from `...', Array, Object(Closure))
#8 C:\OpenServer\domains\t-oborud-ru\vendor\laravel\framework\src\Illuminate\Database\Query\Builder.php(1610): Illuminate\Database\Connection->select('select * from `...', Array, true)
#9 C:\OpenServer\domains\t-oborud-ru\vendor\laravel\framework\src\Illuminate\Database\Query\Builder.php(1596): Illuminate\Database\Query\Builder->runSelect()
#10 C:\OpenServer\domains\t-oborud-ru\vendor\laravel\framework\src\Illuminate\Database\Eloquent\Builder.php(625): Illuminate\Database\Query\Builder->get(Array)
#11 C:\OpenServer\domains\t-oborud-ru\vendor\laravel\framework\src\Illuminate\Database\Eloquent\Builder.php(316): Illuminate\Database\Eloquent\Builder->getModels(Array)
#12 C:\OpenServer\domains\t-oborud-ru\bootstrap\cache\compiled.php(10488): Illuminate\Database\Eloquent\Builder->get(Array)
#13 C:\OpenServer\domains\t-oborud-ru\app\Http\Middleware\Settings.php(20): Illuminate\Database\Eloquent\Model::all()
#14 [internal function]: App\Http\Middleware\Settings->handle(Object(Illuminate\Http\Request), Object(Closure))
#15 C:\OpenServer\domains\t-oborud-ru\bootstrap\cache\compiled.php(9963): call_user_func_array(Array, Array)
#16 [internal function]: Illuminate\Pipeline\Pipeline->Illuminate\Pipeline\{closure}(Object(Illuminate\Http\Request))
#17 C:\OpenServer\domains\t-oborud-ru\vendor\laravel\framework\src\Illuminate\Routing\Pipeline.php(32): call_user_func(Object(Closure), Object(Illuminate\Http\Request))
#18 [internal function]: Illuminate\Routing\Pipeline->Illuminate\Routing\{closure}(Object(Illuminate\Http\Request))
#19 C:\OpenServer\domains\t-oborud-ru\bootstrap\cache\compiled.php(9948): call_user_func(Object(Closure), Object(Illuminate\Http\Request))
#20 C:\OpenServer\domains\t-oborud-ru\bootstrap\cache\compiled.php(2366): Illuminate\Pipeline\Pipeline->then(Object(Closure))
#21 C:\OpenServer\domains\t-oborud-ru\bootstrap\cache\compiled.php(2350): Illuminate\Foundation\Http\Kernel->sendRequestThroughRouter(Object(Illuminate\Http\Request))
#22 C:\OpenServer\domains\t-oborud-ru\public\index.php(53): Illuminate\Foundation\Http\Kernel->handle(Object(Illuminate\Http\Request))
#23 {main}  
